<?xml version="1.0" encoding="UTF-8"?>
<testsuite xmlns:xsi="http://www.w3.org/2001/XMLSchema-instance" xsi:noNamespaceSchemaLocation="https://maven.apache.org/surefire/maven-surefire-plugin/xsd/surefire-test-report.xsd" name="com.swagger.swagger.SwaggerApplicationTests" time="17.536" tests="1" errors="0" skipped="0" failures="0">
  <properties>
    <property name="sun.desktop" value="windows"/>
    <property name="awt.toolkit" value="sun.awt.windows.WToolkit"/>
    <property name="java.specification.version" value="10"/>
    <property name="file.encoding.pkg" value="sun.io"/>
    <property name="sun.cpu.isalist" value="amd64"/>
    <property name="sun.jnu.encoding" value="Cp1252"/>
    <property name="java.class.path" value="D:\la_u\arquitectura de software\proyecto\experimentacion\patient\target\test-classes;D:\la_u\arquitectura de software\proyecto\experimentacion\patient\target\classes;C:\Users\JuanDiego\.m2\repository\org\springframework\boot\spring-boot-starter-data-jpa\2.3.0.M2\spring-boot-starter-data-jpa-2.3.0.M2.jar;C:\Users\JuanDiego\.m2\repository\org\springframework\boot\spring-boot-starter-aop\2.3.0.M2\spring-boot-starter-aop-2.3.0.M2.jar;C:\Users\JuanDiego\.m2\repository\org\springframework\spring-aop\5.2.3.RELEASE\spring-aop-5.2.3.RELEASE.jar;C:\Users\JuanDiego\.m2\repository\org\aspectj\aspectjweaver\1.9.5\aspectjweaver-1.9.5.jar;C:\Users\JuanDiego\.m2\repository\org\springframework\boot\spring-boot-starter-jdbc\2.3.0.M2\spring-boot-starter-jdbc-2.3.0.M2.jar;C:\Users\JuanDiego\.m2\repository\com\zaxxer\HikariCP\3.4.2\HikariCP-3.4.2.jar;C:\Users\JuanDiego\.m2\repository\org\springframework\spring-jdbc\5.2.3.RELEASE\spring-jdbc-5.2.3.RELEASE.jar;C:\Users\JuanDiego\.m2\repository\jakarta\transaction\jakarta.transaction-api\1.3.3\jakarta.transaction-api-1.3.3.jar;C:\Users\JuanDiego\.m2\repository\jakarta\persistence\jakarta.persistence-api\2.2.3\jakarta.persistence-api-2.2.3.jar;C:\Users\JuanDiego\.m2\repository\org\hibernate\hibernate-core\5.4.11.Final\hibernate-core-5.4.11.Final.jar;C:\Users\JuanDiego\.m2\repository\org\jboss\logging\jboss-logging\3.4.1.Final\jboss-logging-3.4.1.Final.jar;C:\Users\JuanDiego\.m2\repository\org\javassist\javassist\3.24.0-GA\javassist-3.24.0-GA.jar;C:\Users\JuanDiego\.m2\repository\net\bytebuddy\byte-buddy\1.10.7\byte-buddy-1.10.7.jar;C:\Users\JuanDiego\.m2\repository\antlr\antlr\2.7.7\antlr-2.7.7.jar;C:\Users\JuanDiego\.m2\repository\org\jboss\jandex\2.1.1.Final\jandex-2.1.1.Final.jar;C:\Users\JuanDiego\.m2\repository\org\dom4j\dom4j\2.1.1\dom4j-2.1.1.jar;C:\Users\JuanDiego\.m2\repository\org\hibernate\common\hibernate-commons-annotations\5.1.0.Final\hibernate-commons-annotations-5.1.0.Final.jar;C:\Users\JuanDiego\.m2\repository\org\glassfish\jaxb\jaxb-runtime\2.3.2\jaxb-runtime-2.3.2.jar;C:\Users\JuanDiego\.m2\repository\org\glassfish\jaxb\txw2\2.3.2\txw2-2.3.2.jar;C:\Users\JuanDiego\.m2\repository\com\sun\istack\istack-commons-runtime\3.0.8\istack-commons-runtime-3.0.8.jar;C:\Users\JuanDiego\.m2\repository\org\jvnet\staxex\stax-ex\1.8.1\stax-ex-1.8.1.jar;C:\Users\JuanDiego\.m2\repository\com\sun\xml\fastinfoset\FastInfoset\1.2.16\FastInfoset-1.2.16.jar;C:\Users\JuanDiego\.m2\repository\org\springframework\data\spring-data-jpa\2.3.0.M3\spring-data-jpa-2.3.0.M3.jar;C:\Users\JuanDiego\.m2\repository\org\springframework\data\spring-data-commons\2.3.0.M3\spring-data-commons-2.3.0.M3.jar;C:\Users\JuanDiego\.m2\repository\org\springframework\spring-orm\5.2.3.RELEASE\spring-orm-5.2.3.RELEASE.jar;C:\Users\JuanDiego\.m2\repository\org\springframework\spring-context\5.2.3.RELEASE\spring-context-5.2.3.RELEASE.jar;C:\Users\JuanDiego\.m2\repository\org\springframework\spring-tx\5.2.3.RELEASE\spring-tx-5.2.3.RELEASE.jar;C:\Users\JuanDiego\.m2\repository\org\springframework\spring-beans\5.2.3.RELEASE\spring-beans-5.2.3.RELEASE.jar;C:\Users\JuanDiego\.m2\repository\org\springframework\spring-aspects\5.2.3.RELEASE\spring-aspects-5.2.3.RELEASE.jar;C:\Users\JuanDiego\.m2\repository\org\springframework\boot\spring-boot-devtools\2.3.0.M2\spring-boot-devtools-2.3.0.M2.jar;C:\Users\JuanDiego\.m2\repository\org\springframework\boot\spring-boot\2.3.0.M2\spring-boot-2.3.0.M2.jar;C:\Users\JuanDiego\.m2\repository\org\springframework\boot\spring-boot-autoconfigure\2.3.0.M2\spring-boot-autoconfigure-2.3.0.M2.jar;C:\Users\JuanDiego\.m2\repository\com\h2database\h2\1.4.200\h2-1.4.200.jar;C:\Users\JuanDiego\.m2\repository\mysql\mysql-connector-java\8.0.19\mysql-connector-java-8.0.19.jar;C:\Users\JuanDiego\.m2\repository\org\postgresql\postgresql\42.2.19\postgresql-42.2.19.jar;C:\Users\JuanDiego\.m2\repository\org\checkerframework\checker-qual\3.5.0\checker-qual-3.5.0.jar;C:\Users\JuanDiego\.m2\repository\javax\servlet\javax.servlet-api\3.0.1\javax.servlet-api-3.0.1.jar;C:\Users\JuanDiego\.m2\repository\org\springframework\boot\spring-boot-starter-test\2.3.0.M2\spring-boot-starter-test-2.3.0.M2.jar;C:\Users\JuanDiego\.m2\repository\org\springframework\boot\spring-boot-starter\2.3.0.M2\spring-boot-starter-2.3.0.M2.jar;C:\Users\JuanDiego\.m2\repository\org\springframework\boot\spring-boot-starter-logging\2.3.0.M2\spring-boot-starter-logging-2.3.0.M2.jar;C:\Users\JuanDiego\.m2\repository\ch\qos\logback\logback-classic\1.2.3\logback-classic-1.2.3.jar;C:\Users\JuanDiego\.m2\repository\ch\qos\logback\logback-core\1.2.3\logback-core-1.2.3.jar;C:\Users\JuanDiego\.m2\repository\org\apache\logging\log4j\log4j-to-slf4j\2.13.0\log4j-to-slf4j-2.13.0.jar;C:\Users\JuanDiego\.m2\repository\org\apache\logging\log4j\log4j-api\2.13.0\log4j-api-2.13.0.jar;C:\Users\JuanDiego\.m2\repository\org\slf4j\jul-to-slf4j\1.7.30\jul-to-slf4j-1.7.30.jar;C:\Users\JuanDiego\.m2\repository\jakarta\annotation\jakarta.annotation-api\1.3.5\jakarta.annotation-api-1.3.5.jar;C:\Users\JuanDiego\.m2\repository\org\yaml\snakeyaml\1.25\snakeyaml-1.25.jar;C:\Users\JuanDiego\.m2\repository\org\springframework\boot\spring-boot-test\2.3.0.M2\spring-boot-test-2.3.0.M2.jar;C:\Users\JuanDiego\.m2\repository\org\springframework\boot\spring-boot-test-autoconfigure\2.3.0.M2\spring-boot-test-autoconfigure-2.3.0.M2.jar;C:\Users\JuanDiego\.m2\repository\com\jayway\jsonpath\json-path\2.4.0\json-path-2.4.0.jar;C:\Users\JuanDiego\.m2\repository\net\minidev\json-smart\2.3\json-smart-2.3.jar;C:\Users\JuanDiego\.m2\repository\net\minidev\accessors-smart\1.2\accessors-smart-1.2.jar;C:\Users\JuanDiego\.m2\repository\org\ow2\asm\asm\5.0.4\asm-5.0.4.jar;C:\Users\JuanDiego\.m2\repository\jakarta\xml\bind\jakarta.xml.bind-api\2.3.2\jakarta.xml.bind-api-2.3.2.jar;C:\Users\JuanDiego\.m2\repository\jakarta\activation\jakarta.activation-api\1.2.1\jakarta.activation-api-1.2.1.jar;C:\Users\JuanDiego\.m2\repository\org\assertj\assertj-core\3.15.0\assertj-core-3.15.0.jar;C:\Users\JuanDiego\.m2\repository\org\hamcrest\hamcrest\2.2\hamcrest-2.2.jar;C:\Users\JuanDiego\.m2\repository\org\junit\jupiter\junit-jupiter\5.6.0\junit-jupiter-5.6.0.jar;C:\Users\JuanDiego\.m2\repository\org\junit\jupiter\junit-jupiter-api\5.6.0\junit-jupiter-api-5.6.0.jar;C:\Users\JuanDiego\.m2\repository\org\apiguardian\apiguardian-api\1.1.0\apiguardian-api-1.1.0.jar;C:\Users\JuanDiego\.m2\repository\org\opentest4j\opentest4j\1.2.0\opentest4j-1.2.0.jar;C:\Users\JuanDiego\.m2\repository\org\junit\platform\junit-platform-commons\1.6.0\junit-platform-commons-1.6.0.jar;C:\Users\JuanDiego\.m2\repository\org\junit\jupiter\junit-jupiter-params\5.6.0\junit-jupiter-params-5.6.0.jar;C:\Users\JuanDiego\.m2\repository\org\junit\jupiter\junit-jupiter-engine\5.6.0\junit-jupiter-engine-5.6.0.jar;C:\Users\JuanDiego\.m2\repository\org\junit\platform\junit-platform-engine\1.6.0\junit-platform-engine-1.6.0.jar;C:\Users\JuanDiego\.m2\repository\org\mockito\mockito-core\3.2.4\mockito-core-3.2.4.jar;C:\Users\JuanDiego\.m2\repository\net\bytebuddy\byte-buddy-agent\1.10.7\byte-buddy-agent-1.10.7.jar;C:\Users\JuanDiego\.m2\repository\org\objenesis\objenesis\2.6\objenesis-2.6.jar;C:\Users\JuanDiego\.m2\repository\org\mockito\mockito-junit-jupiter\3.2.4\mockito-junit-jupiter-3.2.4.jar;C:\Users\JuanDiego\.m2\repository\org\skyscreamer\jsonassert\1.5.0\jsonassert-1.5.0.jar;C:\Users\JuanDiego\.m2\repository\com\vaadin\external\google\android-json\0.0.20131108.vaadin1\android-json-0.0.20131108.vaadin1.jar;C:\Users\JuanDiego\.m2\repository\org\springframework\spring-core\5.2.3.RELEASE\spring-core-5.2.3.RELEASE.jar;C:\Users\JuanDiego\.m2\repository\org\springframework\spring-jcl\5.2.3.RELEASE\spring-jcl-5.2.3.RELEASE.jar;C:\Users\JuanDiego\.m2\repository\org\springframework\spring-test\5.2.3.RELEASE\spring-test-5.2.3.RELEASE.jar;C:\Users\JuanDiego\.m2\repository\org\xmlunit\xmlunit-core\2.6.3\xmlunit-core-2.6.3.jar;C:\Users\JuanDiego\.m2\repository\org\springframework\boot\spring-boot-starter-web\2.3.0.M2\spring-boot-starter-web-2.3.0.M2.jar;C:\Users\JuanDiego\.m2\repository\org\springframework\boot\spring-boot-starter-json\2.3.0.M2\spring-boot-starter-json-2.3.0.M2.jar;C:\Users\JuanDiego\.m2\repository\com\fasterxml\jackson\core\jackson-databind\2.10.1\jackson-databind-2.10.1.jar;C:\Users\JuanDiego\.m2\repository\com\fasterxml\jackson\core\jackson-core\2.10.1\jackson-core-2.10.1.jar;C:\Users\JuanDiego\.m2\repository\com\fasterxml\jackson\datatype\jackson-datatype-jdk8\2.10.1\jackson-datatype-jdk8-2.10.1.jar;C:\Users\JuanDiego\.m2\repository\com\fasterxml\jackson\datatype\jackson-datatype-jsr310\2.10.1\jackson-datatype-jsr310-2.10.1.jar;C:\Users\JuanDiego\.m2\repository\com\fasterxml\jackson\module\jackson-module-parameter-names\2.10.1\jackson-module-parameter-names-2.10.1.jar;C:\Users\JuanDiego\.m2\repository\org\springframework\boot\spring-boot-starter-tomcat\2.3.0.M2\spring-boot-starter-tomcat-2.3.0.M2.jar;C:\Users\JuanDiego\.m2\repository\org\apache\tomcat\embed\tomcat-embed-core\9.0.31\tomcat-embed-core-9.0.31.jar;C:\Users\JuanDiego\.m2\repository\org\glassfish\jakarta.el\3.0.3\jakarta.el-3.0.3.jar;C:\Users\JuanDiego\.m2\repository\org\apache\tomcat\embed\tomcat-embed-websocket\9.0.31\tomcat-embed-websocket-9.0.31.jar;C:\Users\JuanDiego\.m2\repository\org\springframework\spring-web\5.2.3.RELEASE\spring-web-5.2.3.RELEASE.jar;C:\Users\JuanDiego\.m2\repository\org\springframework\spring-webmvc\5.2.3.RELEASE\spring-webmvc-5.2.3.RELEASE.jar;C:\Users\JuanDiego\.m2\repository\org\springframework\spring-expression\5.2.3.RELEASE\spring-expression-5.2.3.RELEASE.jar;C:\Users\JuanDiego\.m2\repository\io\springfox\springfox-swagger2\2.9.2\springfox-swagger2-2.9.2.jar;C:\Users\JuanDiego\.m2\repository\io\swagger\swagger-annotations\1.5.20\swagger-annotations-1.5.20.jar;C:\Users\JuanDiego\.m2\repository\io\swagger\swagger-models\1.5.20\swagger-models-1.5.20.jar;C:\Users\JuanDiego\.m2\repository\com\fasterxml\jackson\core\jackson-annotations\2.10.1\jackson-annotations-2.10.1.jar;C:\Users\JuanDiego\.m2\repository\io\springfox\springfox-spi\2.9.2\springfox-spi-2.9.2.jar;C:\Users\JuanDiego\.m2\repository\io\springfox\springfox-core\2.9.2\springfox-core-2.9.2.jar;C:\Users\JuanDiego\.m2\repository\io\springfox\springfox-schema\2.9.2\springfox-schema-2.9.2.jar;C:\Users\JuanDiego\.m2\repository\io\springfox\springfox-swagger-common\2.9.2\springfox-swagger-common-2.9.2.jar;C:\Users\JuanDiego\.m2\repository\io\springfox\springfox-spring-web\2.9.2\springfox-spring-web-2.9.2.jar;C:\Users\JuanDiego\.m2\repository\com\google\guava\guava\20.0\guava-20.0.jar;C:\Users\JuanDiego\.m2\repository\com\fasterxml\classmate\1.5.1\classmate-1.5.1.jar;C:\Users\JuanDiego\.m2\repository\org\slf4j\slf4j-api\1.7.30\slf4j-api-1.7.30.jar;C:\Users\JuanDiego\.m2\repository\org\springframework\plugin\spring-plugin-core\1.2.0.RELEASE\spring-plugin-core-1.2.0.RELEASE.jar;C:\Users\JuanDiego\.m2\repository\org\springframework\plugin\spring-plugin-metadata\1.2.0.RELEASE\spring-plugin-metadata-1.2.0.RELEASE.jar;C:\Users\JuanDiego\.m2\repository\org\mapstruct\mapstruct\1.2.0.Final\mapstruct-1.2.0.Final.jar;C:\Users\JuanDiego\.m2\repository\io\springfox\springfox-swagger-ui\2.9.2\springfox-swagger-ui-2.9.2.jar;"/>
    <property name="java.vm.vendor" value="&quot;Oracle Corporation&quot;"/>
    <property name="sun.arch.data.model" value="64"/>
    <property name="user.variant" value=""/>
    <property name="java.vendor.url" value="http://java.oracle.com/"/>
    <property name="user.timezone" value="America/Bogota"/>
    <property name="java.vm.specification.version" value="10"/>
    <property name="os.name" value="Windows 10"/>
    <property name="user.country" value="CO"/>
    <property name="sun.java.launcher" value="SUN_STANDARD"/>
    <property name="sun.boot.library.path" value="C:\Program Files\Java\jdk-10.0.1\bin"/>
    <property name="sun.java.command" value="C:\Users\JuanDiego\AppData\Local\Temp\surefire14532985456019692972\surefirebooter14483850336087909982.jar C:\Users\JuanDiego\AppData\Local\Temp\surefire14532985456019692972 2021-02-19T20-15-25_082-jvmRun1 surefire1042721224414973069tmp surefire_02269941945265496722tmp"/>
    <property name="jdk.debug" value="release"/>
    <property name="surefire.test.class.path" value="D:\la_u\arquitectura de software\proyecto\experimentacion\patient\target\test-classes;D:\la_u\arquitectura de software\proyecto\experimentacion\patient\target\classes;C:\Users\JuanDiego\.m2\repository\org\springframework\boot\spring-boot-starter-data-jpa\2.3.0.M2\spring-boot-starter-data-jpa-2.3.0.M2.jar;C:\Users\JuanDiego\.m2\repository\org\springframework\boot\spring-boot-starter-aop\2.3.0.M2\spring-boot-starter-aop-2.3.0.M2.jar;C:\Users\JuanDiego\.m2\repository\org\springframework\spring-aop\5.2.3.RELEASE\spring-aop-5.2.3.RELEASE.jar;C:\Users\JuanDiego\.m2\repository\org\aspectj\aspectjweaver\1.9.5\aspectjweaver-1.9.5.jar;C:\Users\JuanDiego\.m2\repository\org\springframework\boot\spring-boot-starter-jdbc\2.3.0.M2\spring-boot-starter-jdbc-2.3.0.M2.jar;C:\Users\JuanDiego\.m2\repository\com\zaxxer\HikariCP\3.4.2\HikariCP-3.4.2.jar;C:\Users\JuanDiego\.m2\repository\org\springframework\spring-jdbc\5.2.3.RELEASE\spring-jdbc-5.2.3.RELEASE.jar;C:\Users\JuanDiego\.m2\repository\jakarta\transaction\jakarta.transaction-api\1.3.3\jakarta.transaction-api-1.3.3.jar;C:\Users\JuanDiego\.m2\repository\jakarta\persistence\jakarta.persistence-api\2.2.3\jakarta.persistence-api-2.2.3.jar;C:\Users\JuanDiego\.m2\repository\org\hibernate\hibernate-core\5.4.11.Final\hibernate-core-5.4.11.Final.jar;C:\Users\JuanDiego\.m2\repository\org\jboss\logging\jboss-logging\3.4.1.Final\jboss-logging-3.4.1.Final.jar;C:\Users\JuanDiego\.m2\repository\org\javassist\javassist\3.24.0-GA\javassist-3.24.0-GA.jar;C:\Users\JuanDiego\.m2\repository\net\bytebuddy\byte-buddy\1.10.7\byte-buddy-1.10.7.jar;C:\Users\JuanDiego\.m2\repository\antlr\antlr\2.7.7\antlr-2.7.7.jar;C:\Users\JuanDiego\.m2\repository\org\jboss\jandex\2.1.1.Final\jandex-2.1.1.Final.jar;C:\Users\JuanDiego\.m2\repository\org\dom4j\dom4j\2.1.1\dom4j-2.1.1.jar;C:\Users\JuanDiego\.m2\repository\org\hibernate\common\hibernate-commons-annotations\5.1.0.Final\hibernate-commons-annotations-5.1.0.Final.jar;C:\Users\JuanDiego\.m2\repository\org\glassfish\jaxb\jaxb-runtime\2.3.2\jaxb-runtime-2.3.2.jar;C:\Users\JuanDiego\.m2\repository\org\glassfish\jaxb\txw2\2.3.2\txw2-2.3.2.jar;C:\Users\JuanDiego\.m2\repository\com\sun\istack\istack-commons-runtime\3.0.8\istack-commons-runtime-3.0.8.jar;C:\Users\JuanDiego\.m2\repository\org\jvnet\staxex\stax-ex\1.8.1\stax-ex-1.8.1.jar;C:\Users\JuanDiego\.m2\repository\com\sun\xml\fastinfoset\FastInfoset\1.2.16\FastInfoset-1.2.16.jar;C:\Users\JuanDiego\.m2\repository\org\springframework\data\spring-data-jpa\2.3.0.M3\spring-data-jpa-2.3.0.M3.jar;C:\Users\JuanDiego\.m2\repository\org\springframework\data\spring-data-commons\2.3.0.M3\spring-data-commons-2.3.0.M3.jar;C:\Users\JuanDiego\.m2\repository\org\springframework\spring-orm\5.2.3.RELEASE\spring-orm-5.2.3.RELEASE.jar;C:\Users\JuanDiego\.m2\repository\org\springframework\spring-context\5.2.3.RELEASE\spring-context-5.2.3.RELEASE.jar;C:\Users\JuanDiego\.m2\repository\org\springframework\spring-tx\5.2.3.RELEASE\spring-tx-5.2.3.RELEASE.jar;C:\Users\JuanDiego\.m2\repository\org\springframework\spring-beans\5.2.3.RELEASE\spring-beans-5.2.3.RELEASE.jar;C:\Users\JuanDiego\.m2\repository\org\springframework\spring-aspects\5.2.3.RELEASE\spring-aspects-5.2.3.RELEASE.jar;C:\Users\JuanDiego\.m2\repository\org\springframework\boot\spring-boot-devtools\2.3.0.M2\spring-boot-devtools-2.3.0.M2.jar;C:\Users\JuanDiego\.m2\repository\org\springframework\boot\spring-boot\2.3.0.M2\spring-boot-2.3.0.M2.jar;C:\Users\JuanDiego\.m2\repository\org\springframework\boot\spring-boot-autoconfigure\2.3.0.M2\spring-boot-autoconfigure-2.3.0.M2.jar;C:\Users\JuanDiego\.m2\repository\com\h2database\h2\1.4.200\h2-1.4.200.jar;C:\Users\JuanDiego\.m2\repository\mysql\mysql-connector-java\8.0.19\mysql-connector-java-8.0.19.jar;C:\Users\JuanDiego\.m2\repository\org\postgresql\postgresql\42.2.19\postgresql-42.2.19.jar;C:\Users\JuanDiego\.m2\repository\org\checkerframework\checker-qual\3.5.0\checker-qual-3.5.0.jar;C:\Users\JuanDiego\.m2\repository\javax\servlet\javax.servlet-api\3.0.1\javax.servlet-api-3.0.1.jar;C:\Users\JuanDiego\.m2\repository\org\springframework\boot\spring-boot-starter-test\2.3.0.M2\spring-boot-starter-test-2.3.0.M2.jar;C:\Users\JuanDiego\.m2\repository\org\springframework\boot\spring-boot-starter\2.3.0.M2\spring-boot-starter-2.3.0.M2.jar;C:\Users\JuanDiego\.m2\repository\org\springframework\boot\spring-boot-starter-logging\2.3.0.M2\spring-boot-starter-logging-2.3.0.M2.jar;C:\Users\JuanDiego\.m2\repository\ch\qos\logback\logback-classic\1.2.3\logback-classic-1.2.3.jar;C:\Users\JuanDiego\.m2\repository\ch\qos\logback\logback-core\1.2.3\logback-core-1.2.3.jar;C:\Users\JuanDiego\.m2\repository\org\apache\logging\log4j\log4j-to-slf4j\2.13.0\log4j-to-slf4j-2.13.0.jar;C:\Users\JuanDiego\.m2\repository\org\apache\logging\log4j\log4j-api\2.13.0\log4j-api-2.13.0.jar;C:\Users\JuanDiego\.m2\repository\org\slf4j\jul-to-slf4j\1.7.30\jul-to-slf4j-1.7.30.jar;C:\Users\JuanDiego\.m2\repository\jakarta\annotation\jakarta.annotation-api\1.3.5\jakarta.annotation-api-1.3.5.jar;C:\Users\JuanDiego\.m2\repository\org\yaml\snakeyaml\1.25\snakeyaml-1.25.jar;C:\Users\JuanDiego\.m2\repository\org\springframework\boot\spring-boot-test\2.3.0.M2\spring-boot-test-2.3.0.M2.jar;C:\Users\JuanDiego\.m2\repository\org\springframework\boot\spring-boot-test-autoconfigure\2.3.0.M2\spring-boot-test-autoconfigure-2.3.0.M2.jar;C:\Users\JuanDiego\.m2\repository\com\jayway\jsonpath\json-path\2.4.0\json-path-2.4.0.jar;C:\Users\JuanDiego\.m2\repository\net\minidev\json-smart\2.3\json-smart-2.3.jar;C:\Users\JuanDiego\.m2\repository\net\minidev\accessors-smart\1.2\accessors-smart-1.2.jar;C:\Users\JuanDiego\.m2\repository\org\ow2\asm\asm\5.0.4\asm-5.0.4.jar;C:\Users\JuanDiego\.m2\repository\jakarta\xml\bind\jakarta.xml.bind-api\2.3.2\jakarta.xml.bind-api-2.3.2.jar;C:\Users\JuanDiego\.m2\repository\jakarta\activation\jakarta.activation-api\1.2.1\jakarta.activation-api-1.2.1.jar;C:\Users\JuanDiego\.m2\repository\org\assertj\assertj-core\3.15.0\assertj-core-3.15.0.jar;C:\Users\JuanDiego\.m2\repository\org\hamcrest\hamcrest\2.2\hamcrest-2.2.jar;C:\Users\JuanDiego\.m2\repository\org\junit\jupiter\junit-jupiter\5.6.0\junit-jupiter-5.6.0.jar;C:\Users\JuanDiego\.m2\repository\org\junit\jupiter\junit-jupiter-api\5.6.0\junit-jupiter-api-5.6.0.jar;C:\Users\JuanDiego\.m2\repository\org\apiguardian\apiguardian-api\1.1.0\apiguardian-api-1.1.0.jar;C:\Users\JuanDiego\.m2\repository\org\opentest4j\opentest4j\1.2.0\opentest4j-1.2.0.jar;C:\Users\JuanDiego\.m2\repository\org\junit\platform\junit-platform-commons\1.6.0\junit-platform-commons-1.6.0.jar;C:\Users\JuanDiego\.m2\repository\org\junit\jupiter\junit-jupiter-params\5.6.0\junit-jupiter-params-5.6.0.jar;C:\Users\JuanDiego\.m2\repository\org\junit\jupiter\junit-jupiter-engine\5.6.0\junit-jupiter-engine-5.6.0.jar;C:\Users\JuanDiego\.m2\repository\org\junit\platform\junit-platform-engine\1.6.0\junit-platform-engine-1.6.0.jar;C:\Users\JuanDiego\.m2\repository\org\mockito\mockito-core\3.2.4\mockito-core-3.2.4.jar;C:\Users\JuanDiego\.m2\repository\net\bytebuddy\byte-buddy-agent\1.10.7\byte-buddy-agent-1.10.7.jar;C:\Users\JuanDiego\.m2\repository\org\objenesis\objenesis\2.6\objenesis-2.6.jar;C:\Users\JuanDiego\.m2\repository\org\mockito\mockito-junit-jupiter\3.2.4\mockito-junit-jupiter-3.2.4.jar;C:\Users\JuanDiego\.m2\repository\org\skyscreamer\jsonassert\1.5.0\jsonassert-1.5.0.jar;C:\Users\JuanDiego\.m2\repository\com\vaadin\external\google\android-json\0.0.20131108.vaadin1\android-json-0.0.20131108.vaadin1.jar;C:\Users\JuanDiego\.m2\repository\org\springframework\spring-core\5.2.3.RELEASE\spring-core-5.2.3.RELEASE.jar;C:\Users\JuanDiego\.m2\repository\org\springframework\spring-jcl\5.2.3.RELEASE\spring-jcl-5.2.3.RELEASE.jar;C:\Users\JuanDiego\.m2\repository\org\springframework\spring-test\5.2.3.RELEASE\spring-test-5.2.3.RELEASE.jar;C:\Users\JuanDiego\.m2\repository\org\xmlunit\xmlunit-core\2.6.3\xmlunit-core-2.6.3.jar;C:\Users\JuanDiego\.m2\repository\org\springframework\boot\spring-boot-starter-web\2.3.0.M2\spring-boot-starter-web-2.3.0.M2.jar;C:\Users\JuanDiego\.m2\repository\org\springframework\boot\spring-boot-starter-json\2.3.0.M2\spring-boot-starter-json-2.3.0.M2.jar;C:\Users\JuanDiego\.m2\repository\com\fasterxml\jackson\core\jackson-databind\2.10.1\jackson-databind-2.10.1.jar;C:\Users\JuanDiego\.m2\repository\com\fasterxml\jackson\core\jackson-core\2.10.1\jackson-core-2.10.1.jar;C:\Users\JuanDiego\.m2\repository\com\fasterxml\jackson\datatype\jackson-datatype-jdk8\2.10.1\jackson-datatype-jdk8-2.10.1.jar;C:\Users\JuanDiego\.m2\repository\com\fasterxml\jackson\datatype\jackson-datatype-jsr310\2.10.1\jackson-datatype-jsr310-2.10.1.jar;C:\Users\JuanDiego\.m2\repository\com\fasterxml\jackson\module\jackson-module-parameter-names\2.10.1\jackson-module-parameter-names-2.10.1.jar;C:\Users\JuanDiego\.m2\repository\org\springframework\boot\spring-boot-starter-tomcat\2.3.0.M2\spring-boot-starter-tomcat-2.3.0.M2.jar;C:\Users\JuanDiego\.m2\repository\org\apache\tomcat\embed\tomcat-embed-core\9.0.31\tomcat-embed-core-9.0.31.jar;C:\Users\JuanDiego\.m2\repository\org\glassfish\jakarta.el\3.0.3\jakarta.el-3.0.3.jar;C:\Users\JuanDiego\.m2\repository\org\apache\tomcat\embed\tomcat-embed-websocket\9.0.31\tomcat-embed-websocket-9.0.31.jar;C:\Users\JuanDiego\.m2\repository\org\springframework\spring-web\5.2.3.RELEASE\spring-web-5.2.3.RELEASE.jar;C:\Users\JuanDiego\.m2\repository\org\springframework\spring-webmvc\5.2.3.RELEASE\spring-webmvc-5.2.3.RELEASE.jar;C:\Users\JuanDiego\.m2\repository\org\springframework\spring-expression\5.2.3.RELEASE\spring-expression-5.2.3.RELEASE.jar;C:\Users\JuanDiego\.m2\repository\io\springfox\springfox-swagger2\2.9.2\springfox-swagger2-2.9.2.jar;C:\Users\JuanDiego\.m2\repository\io\swagger\swagger-annotations\1.5.20\swagger-annotations-1.5.20.jar;C:\Users\JuanDiego\.m2\repository\io\swagger\swagger-models\1.5.20\swagger-models-1.5.20.jar;C:\Users\JuanDiego\.m2\repository\com\fasterxml\jackson\core\jackson-annotations\2.10.1\jackson-annotations-2.10.1.jar;C:\Users\JuanDiego\.m2\repository\io\springfox\springfox-spi\2.9.2\springfox-spi-2.9.2.jar;C:\Users\JuanDiego\.m2\repository\io\springfox\springfox-core\2.9.2\springfox-core-2.9.2.jar;C:\Users\JuanDiego\.m2\repository\io\springfox\springfox-schema\2.9.2\springfox-schema-2.9.2.jar;C:\Users\JuanDiego\.m2\repository\io\springfox\springfox-swagger-common\2.9.2\springfox-swagger-common-2.9.2.jar;C:\Users\JuanDiego\.m2\repository\io\springfox\springfox-spring-web\2.9.2\springfox-spring-web-2.9.2.jar;C:\Users\JuanDiego\.m2\repository\com\google\guava\guava\20.0\guava-20.0.jar;C:\Users\JuanDiego\.m2\repository\com\fasterxml\classmate\1.5.1\classmate-1.5.1.jar;C:\Users\JuanDiego\.m2\repository\org\slf4j\slf4j-api\1.7.30\slf4j-api-1.7.30.jar;C:\Users\JuanDiego\.m2\repository\org\springframework\plugin\spring-plugin-core\1.2.0.RELEASE\spring-plugin-core-1.2.0.RELEASE.jar;C:\Users\JuanDiego\.m2\repository\org\springframework\plugin\spring-plugin-metadata\1.2.0.RELEASE\spring-plugin-metadata-1.2.0.RELEASE.jar;C:\Users\JuanDiego\.m2\repository\org\mapstruct\mapstruct\1.2.0.Final\mapstruct-1.2.0.Final.jar;C:\Users\JuanDiego\.m2\repository\io\springfox\springfox-swagger-ui\2.9.2\springfox-swagger-ui-2.9.2.jar;"/>
    <property name="sun.cpu.endian" value="little"/>
    <property name="user.home" value="C:\Users\JuanDiego"/>
    <property name="user.language" value="es"/>
    <property name="java.specification.vendor" value="Oracle Corporation"/>
    <property name="java.version.date" value="2018-04-17"/>
    <property name="java.home" value="C:\Program Files\Java\jdk-10.0.1"/>
    <property name="file.separator" value="\"/>
    <property name="basedir" value="D:\la_u\arquitectura de software\proyecto\experimentacion\patient"/>
    <property name="java.vm.compressedOopsMode" value="Zero based"/>
    <property name="line.separator" value="&#10;"/>
    <property name="java.specification.name" value="Java Platform API Specification"/>
    <property name="java.vm.specification.vendor" value="Oracle Corporation"/>
    <property name="java.awt.graphicsenv" value="sun.awt.Win32GraphicsEnvironment"/>
    <property name="surefire.real.class.path" value="C:\Users\JuanDiego\AppData\Local\Temp\surefire14532985456019692972\surefirebooter14483850336087909982.jar"/>
    <property name="user.script" value=""/>
    <property name="sun.management.compiler" value="HotSpot 64-Bit Tiered Compilers"/>
    <property name="java.runtime.version" value="10.0.1+10"/>
    <property name="user.name" value="JuanDiego"/>
    <property name="path.separator" value=";"/>
    <property name="os.version" value="10.0"/>
    <property name="java.runtime.name" value="Java(TM) SE Runtime Environment"/>
    <property name="file.encoding" value="UTF-8"/>
    <property name="java.vm.name" value="Java HotSpot(TM) 64-Bit Server VM"/>
    <property name="java.vendor.version" value="18.3"/>
    <property name="maven.ext.class.path" value="D:\la_u\Netbeans\netbeans\java\maven-nblib\netbeans-eventspy.jar"/>
    <property name="localRepository" value="C:\Users\JuanDiego\.m2\repository"/>
    <property name="java.vendor.url.bug" value="http://bugreport.java.com/bugreport/"/>
    <property name="java.io.tmpdir" value="C:\Users\JuanDiego\AppData\Local\Temp\"/>
    <property name="java.version" value="10.0.1"/>
    <property name="user.dir" value="D:\la_u\arquitectura de software\proyecto\experimentacion\patient"/>
    <property name="os.arch" value="amd64"/>
    <property name="java.vm.specification.name" value="Java Virtual Machine Specification"/>
    <property name="java.awt.printerjob" value="sun.awt.windows.WPrinterJob"/>
    <property name="sun.os.patch.level" value=""/>
    <property name="java.library.path" value="C:\Program Files\Java\jdk-10.0.1\bin;C:\WINDOWS\Sun\Java\bin;C:\WINDOWS\system32;C:\WINDOWS;C:\Program Files (x86)\Common Files\Oracle\Java\javapath;C:\Program Files\Java\jdk1.8.0_11\bin;C:\ProgramData\Oracle\Java\javapath;C:\la_u\robotica movil\lab6\lejos0.85\bin;C:\la_u\micros\winAVR\bin;C:\la_u\micros\winAVR\utils\bin;C:\Program Files\Java\jdk1.8.0_11\bin;C:\Program Files (x86)\leJOS NXJ\bin;C:\Program Files (x86)\Common Files\Oracle\Java\javapath;C:\Program Files\Java\jdk1.8.0_11\bin;C:\ProgramData\Oracle\Java\javapath;C:\la_u\robotica movil\lab6\lejos0.85\bin;C:\la_u\micros\winAVR\bin;C:\la_u\micros\winAVR\utils\bin;C:\Program Files\Java\jdk1.8.0_11\bin;C:\Program Files (x86)\leJOS NXJ\bin;C:\Program Files (x86)\Common Files\Oracle\Java\javapath;C:\Program Files\Java\jdk1.8.0_11\bin;C:\ProgramData\Oracle\Java\javapath;C:\la_u\robotica movil\lab6\lejos0.85\bin;C:\la_u\micros\winAVR\bin;C:\la_u\micros\winAVR\utils\bin;C:\Program Files\Java\jdk1.8.0_11\bin;C:\Program Files (x86)\leJOS NXJ\bin;C:\WINDOWS\System32;%NXJ_HOME%\bin;C:\la_u\robotica movil\lab3\aria2.9\ARIA 2.9.0-1 (64-bit)\bin64;C:\Program Files (x86)\Java\Java_ME_platform_SDK_3.4\bin;C:\Program Files (x86)\IVI Foundation\VISA\WinNT\Bin;C:\WINDOWS\system32;C:\WINDOWS;C:\WINDOWS\System32\Wbem;C:\WINDOWS\System32\WindowsPowerShell\v1.0\;C:\Program Files (x86)\Skype\Phone\;C:\la_u\interfaces\ultima class\10-Software\tdm64\bin;T:\la trinidad\putty\;C:\la_u\cygwin\bin;C:\la_u\cygwin\mingw\bin;C:\WINDOWS\System32\OpenSSH\;C:\Program Files\node-v8.12.0-win-x64\;C:\Program Files\Intel\WiFi\bin\;C:\Program Files\Common Files\Intel\WirelessCommon\;C:\Program Files\Docker\Docker\resources\bin;C:\ProgramData\DockerDesktop\version-bin;%NXJ_HOME%\bin;C:\la_u\robotica movil\lab3\aria2.9\ARIA 2.9.0-1 (64-bit)\bin64;C:\Program Files (x86)\Java\Java_ME_platform_SDK_3.4\bin;C:\Program Files (x86)\IVI Foundation\VISA\WinNT\Bin;C:\WINDOWS\system32;C:\WINDOWS;C:\WINDOWS\System32\Wbem;C:\WINDOWS\System32\WindowsPowerShell\v1.0\;C:\Program Files (x86)\Skype\Phone\;C:\la_u\interfaces\ultima class\10-Software\tdm64\bin;T:\la trinidad\putty\;C:\la_u\cygwin\bin;C:\la_u\cygwin\mingw\bin;C:\WINDOWS\System32\OpenSSH\;C:\Program Files\node-v8.12.0-win-x64\;C:\Program Files\Intel\WiFi\bin\;C:\Program Files\Common Files\Intel\WirelessCommon\;C:\Program Files\Docker\Docker\resources\bin;C:\ProgramData\DockerDesktop\version-bin;%NXJ_HOME%\bin;C:\la_u\robotica movil\lab3\aria2.9\ARIA 2.9.0-1 (64-bit)\bin64;C:\Program Files (x86)\Java\Java_ME_platform_SDK_3.4\bin;C:\Program Files (x86)\IVI Foundation\VISA\WinNT\Bin;C:\WINDOWS\system32;C:\WINDOWS;C:\WINDOWS\System32\Wbem;C:\WINDOWS\System32\WindowsPowerShell\v1.0\;C:\Program Files (x86)\Skype\Phone\;C:\la_u\interfaces\ultima class\10-Software\tdm64\bin;T:\la trinidad\putty\;C:\la_u\cygwin\bin;C:\la_u\cygwin\mingw\bin;C:\WINDOWS\System32\OpenSSH\;C:\Program Files\node-v8.12.0-win-x64\;C:\Program Files\Intel\WiFi\bin\;C:\Program Files\Common Files\Intel\WirelessCommon\;C:\Program Files\Docker\Docker\resources\bin;C:\ProgramData\DockerDesktop\version-bin;C:\Users\JuanDiego\AppData\Local\Microsoft\WindowsApps;C:\Program Files\node-v8.12.0-win-x64\;C:\Program Files\Intel\WiFi\bin\;C:\Program Files\Common Files\Intel\WirelessCommon\;C:\heroku\bin;;D:\intellijidea\IntelliJ IDEA Community Edition 2020.2.3\bin;;D:\network\Nmap;D:\heroku\bin;."/>
    <property name="java.vendor" value="Oracle Corporation"/>
    <property name="java.vm.info" value="mixed mode"/>
    <property name="java.vm.version" value="10.0.1+10"/>
    <property name="sun.io.unicode.encoding" value="UnicodeLittle"/>
    <property name="java.class.version" value="54.0"/>
  </properties>
  <testcase name="contextLoads" classname="com.swagger.swagger.SwaggerApplicationTests" time="0.251"/>
</testsuite>